<?xml version="1.0" encoding="UTF-8"?>
<!-- Generated by org.testng.reporters.JUnitXMLReporter -->
<testsuite ignored="0" hostname="DESKTOP-UOLKNP7" failures="0" tests="4" name="Default test" time="0.198" errors="0" timestamp="2023-05-24T11:35:23 IST">
  <testcase classname="com.ecom.TestNgpractice.DataProviderTest" name="getData" time="0.017"/>
  <testcase classname="com.ecom.TestNgpractice.DataProviderTest" name="getData" time="0.004"/>
  <testcase classname="com.ecom.TestNgpractice.DataProviderTest" name="getData" time="0.012"/>
  <testcase classname="com.ecom.TestNgpractice.DataProviderTest" name="getData" time="0.011"/>
</testsuite> <!-- Default test -->
